{"/Users/brunomayer/Documents/Desenvolvimento/libs/httpclient.js/src/index.ts": {"path":"/Users/brunomayer/Documents/Desenvolvimento/libs/httpclient.js/src/index.ts","statementMap":{"0":{"start":{"line":1,"column":0},"end":{"line":1,"column":7}},"1":{"start":{"line":8,"column":2},"end":{"line":1,"column":55}},"2":{"start":{"line":2,"column":0},"end":{"line":2,"column":7}},"3":{"start":{"line":9,"column":2},"end":{"line":2,"column":41}},"4":{"start":{"line":3,"column":0},"end":{"line":3,"column":7}},"5":{"start":{"line":10,"column":2},"end":{"line":3,"column":57}},"6":{"start":{"line":4,"column":0},"end":{"line":4,"column":7}},"7":{"start":{"line":11,"column":2},"end":{"line":4,"column":65}},"8":{"start":{"line":5,"column":0},"end":{"line":5,"column":7}},"9":{"start":{"line":12,"column":2},"end":{"line":5,"column":67}}},"fnMap":{},"branchMap":{},"s":{"0":3,"1":3,"2":3,"3":3,"4":3,"5":3,"6":3,"7":3,"8":3,"9":3},"f":{},"b":{}}
,"/Users/brunomayer/Documents/Desenvolvimento/libs/httpclient.js/src/lib/HttpClient.ts": {"path":"/Users/brunomayer/Documents/Desenvolvimento/libs/httpclient.js/src/lib/HttpClient.ts","statementMap":{"0":{"start":{"line":3,"column":0},"end":{"line":3,"column":61}},"1":{"start":{"line":4,"column":0},"end":{"line":4,"column":53}},"2":{"start":{"line":6,"column":0},"end":{"line":6,"column":63}},"3":{"start":{"line":23,"column":4},"end":{"line":23,"column":null}},"4":{"start":{"line":24,"column":4},"end":{"line":24,"column":null}},"5":{"start":{"line":25,"column":4},"end":{"line":25,"column":null}},"6":{"start":{"line":29,"column":4},"end":{"line":29,"column":null}},"7":{"start":{"line":30,"column":4},"end":{"line":30,"column":null}},"8":{"start":{"line":34,"column":4},"end":{"line":35,"column":null}},"9":{"start":{"line":35,"column":6},"end":{"line":35,"column":null}},"10":{"start":{"line":37,"column":4},"end":{"line":37,"column":null}},"11":{"start":{"line":38,"column":4},"end":{"line":38,"column":null}},"12":{"start":{"line":42,"column":4},"end":{"line":42,"column":null}},"13":{"start":{"line":43,"column":4},"end":{"line":43,"column":null}},"14":{"start":{"line":47,"column":4},"end":{"line":48,"column":null}},"15":{"start":{"line":48,"column":6},"end":{"line":48,"column":null}},"16":{"start":{"line":50,"column":4},"end":{"line":50,"column":null}},"17":{"start":{"line":51,"column":4},"end":{"line":51,"column":null}},"18":{"start":{"line":55,"column":4},"end":{"line":55,"column":null}},"19":{"start":{"line":59,"column":4},"end":{"line":59,"column":null}},"20":{"start":{"line":63,"column":4},"end":{"line":63,"column":null}},"21":{"start":{"line":67,"column":4},"end":{"line":68,"column":null}},"22":{"start":{"line":68,"column":6},"end":{"line":68,"column":null}},"23":{"start":{"line":70,"column":4},"end":{"line":72,"column":null}},"24":{"start":{"line":74,"column":4},"end":{"line":74,"column":null}},"25":{"start":{"line":78,"column":4},"end":{"line":79,"column":null}},"26":{"start":{"line":79,"column":6},"end":{"line":79,"column":null}},"27":{"start":{"line":81,"column":4},"end":{"line":81,"column":null}},"28":{"start":{"line":82,"column":4},"end":{"line":82,"column":null}},"29":{"start":{"line":86,"column":4},"end":{"line":87,"column":null}},"30":{"start":{"line":87,"column":6},"end":{"line":87,"column":null}},"31":{"start":{"line":89,"column":4},"end":{"line":89,"column":null}},"32":{"start":{"line":90,"column":4},"end":{"line":90,"column":null}},"33":{"start":{"line":94,"column":4},"end":{"line":94,"column":null}},"34":{"start":{"line":95,"column":4},"end":{"line":95,"column":null}},"35":{"start":{"line":99,"column":4},"end":{"line":99,"column":null}},"36":{"start":{"line":100,"column":4},"end":{"line":100,"column":null}},"37":{"start":{"line":104,"column":4},"end":{"line":104,"column":null}},"38":{"start":{"line":105,"column":4},"end":{"line":105,"column":null}},"39":{"start":{"line":109,"column":4},"end":{"line":109,"column":null}},"40":{"start":{"line":110,"column":4},"end":{"line":110,"column":null}},"41":{"start":{"line":114,"column":4},"end":{"line":114,"column":null}},"42":{"start":{"line":115,"column":4},"end":{"line":115,"column":null}},"43":{"start":{"line":119,"column":4},"end":{"line":120,"column":null}},"44":{"start":{"line":120,"column":6},"end":{"line":120,"column":null}},"45":{"start":{"line":122,"column":4},"end":{"line":131,"column":null}},"46":{"start":{"line":8,"column":0},"end":{"line":8,"column":21}}},"fnMap":{"0":{"name":"(anonymous_1)","decl":{"start":{"line":18,"column":2},"end":{"line":18,"column":null}},"loc":{"start":{"line":21,"column":40},"end":{"line":26,"column":3}}},"1":{"name":"(anonymous_2)","decl":{"start":{"line":28,"column":9},"end":{"line":28,"column":13}},"loc":{"start":{"line":28,"column":33},"end":{"line":31,"column":3}}},"2":{"name":"(anonymous_3)","decl":{"start":{"line":33,"column":9},"end":{"line":33,"column":14}},"loc":{"start":{"line":33,"column":41},"end":{"line":39,"column":3}}},"3":{"name":"(anonymous_4)","decl":{"start":{"line":41,"column":9},"end":{"line":41,"column":16}},"loc":{"start":{"line":41,"column":30},"end":{"line":44,"column":3}}},"4":{"name":"(anonymous_5)","decl":{"start":{"line":46,"column":9},"end":{"line":46,"column":15}},"loc":{"start":{"line":46,"column":46},"end":{"line":52,"column":3}}},"5":{"name":"(anonymous_6)","decl":{"start":{"line":54,"column":9},"end":{"line":54,"column":22}},"loc":{"start":{"line":54,"column":51},"end":{"line":56,"column":3}}},"6":{"name":"(anonymous_7)","decl":{"start":{"line":58,"column":9},"end":{"line":58,"column":27}},"loc":{"start":{"line":58,"column":59},"end":{"line":60,"column":3}}},"7":{"name":"(anonymous_8)","decl":{"start":{"line":62,"column":9},"end":{"line":62,"column":28}},"loc":{"start":{"line":62,"column":43},"end":{"line":64,"column":3}}},"8":{"name":"(anonymous_9)","decl":{"start":{"line":66,"column":9},"end":{"line":66,"column":14}},"loc":{"start":{"line":66,"column":49},"end":{"line":75,"column":3}}},"9":{"name":"(anonymous_10)","decl":{"start":{"line":77,"column":9},"end":{"line":77,"column":31}},"loc":{"start":{"line":77,"column":51},"end":{"line":83,"column":3}}},"10":{"name":"(anonymous_11)","decl":{"start":{"line":85,"column":9},"end":{"line":85,"column":18}},"loc":{"start":{"line":85,"column":65},"end":{"line":91,"column":3}}},"11":{"name":"(anonymous_12)","decl":{"start":{"line":93,"column":9},"end":{"line":93,"column":12}},"loc":{"start":{"line":93,"column":12},"end":{"line":96,"column":3}}},"12":{"name":"(anonymous_13)","decl":{"start":{"line":98,"column":9},"end":{"line":98,"column":13}},"loc":{"start":{"line":98,"column":13},"end":{"line":101,"column":3}}},"13":{"name":"(anonymous_14)","decl":{"start":{"line":103,"column":9},"end":{"line":103,"column":12}},"loc":{"start":{"line":103,"column":12},"end":{"line":106,"column":3}}},"14":{"name":"(anonymous_15)","decl":{"start":{"line":108,"column":9},"end":{"line":108,"column":14}},"loc":{"start":{"line":108,"column":14},"end":{"line":111,"column":3}}},"15":{"name":"(anonymous_16)","decl":{"start":{"line":113,"column":9},"end":{"line":113,"column":15}},"loc":{"start":{"line":113,"column":15},"end":{"line":116,"column":3}}},"16":{"name":"(anonymous_17)","decl":{"start":{"line":118,"column":10},"end":{"line":118,"column":34}},"loc":{"start":{"line":118,"column":34},"end":{"line":132,"column":3}}}},"branchMap":{"0":{"loc":{"start":{"line":34,"column":4},"end":{"line":35,"column":null}},"type":"if","locations":[{"start":{"line":34,"column":4},"end":{"line":35,"column":null}},{"start":{"line":34,"column":4},"end":{"line":35,"column":null}}]},"1":{"loc":{"start":{"line":47,"column":4},"end":{"line":48,"column":null}},"type":"if","locations":[{"start":{"line":47,"column":4},"end":{"line":48,"column":null}},{"start":{"line":47,"column":4},"end":{"line":48,"column":null}}]},"2":{"loc":{"start":{"line":67,"column":4},"end":{"line":68,"column":null}},"type":"if","locations":[{"start":{"line":67,"column":4},"end":{"line":68,"column":null}},{"start":{"line":67,"column":4},"end":{"line":68,"column":null}}]},"3":{"loc":{"start":{"line":78,"column":4},"end":{"line":79,"column":null}},"type":"if","locations":[{"start":{"line":78,"column":4},"end":{"line":79,"column":null}},{"start":{"line":78,"column":4},"end":{"line":79,"column":null}}]},"4":{"loc":{"start":{"line":86,"column":4},"end":{"line":87,"column":null}},"type":"if","locations":[{"start":{"line":86,"column":4},"end":{"line":87,"column":null}},{"start":{"line":86,"column":4},"end":{"line":87,"column":null}}]},"5":{"loc":{"start":{"line":119,"column":4},"end":{"line":120,"column":null}},"type":"if","locations":[{"start":{"line":119,"column":4},"end":{"line":120,"column":null}},{"start":{"line":119,"column":4},"end":{"line":120,"column":null}}]}},"s":{"0":3,"1":3,"2":3,"3":9,"4":9,"5":9,"6":8,"7":8,"8":1,"9":1,"10":1,"11":1,"12":1,"13":1,"14":1,"15":1,"16":1,"17":1,"18":0,"19":0,"20":0,"21":0,"22":0,"23":0,"24":0,"25":0,"26":0,"27":0,"28":0,"29":0,"30":0,"31":0,"32":0,"33":8,"34":8,"35":1,"36":1,"37":1,"38":1,"39":1,"40":1,"41":1,"42":1,"43":12,"44":11,"45":12,"46":3},"f":{"0":9,"1":8,"2":1,"3":1,"4":1,"5":0,"6":0,"7":0,"8":0,"9":0,"10":0,"11":8,"12":1,"13":1,"14":1,"15":1,"16":12},"b":{"0":[1,0],"1":[1,0],"2":[0,0],"3":[0,0],"4":[0,0],"5":[11,1]}}
,"/Users/brunomayer/Documents/Desenvolvimento/libs/httpclient.js/src/lib/HttpClientBuilder.ts": {"path":"/Users/brunomayer/Documents/Desenvolvimento/libs/httpclient.js/src/lib/HttpClientBuilder.ts","statementMap":{"0":{"start":{"line":1,"column":0},"end":{"line":1,"column":37}},"1":{"start":{"line":2,"column":0},"end":{"line":2,"column":61}},"2":{"start":{"line":3,"column":0},"end":{"line":3,"column":63}},"3":{"start":{"line":11,"column":4},"end":{"line":11,"column":null}},"4":{"start":{"line":15,"column":4},"end":{"line":16,"column":null}},"5":{"start":{"line":16,"column":6},"end":{"line":16,"column":null}},"6":{"start":{"line":18,"column":4},"end":{"line":18,"column":null}},"7":{"start":{"line":22,"column":4},"end":{"line":22,"column":null}},"8":{"start":{"line":23,"column":4},"end":{"line":23,"column":null}},"9":{"start":{"line":27,"column":4},"end":{"line":27,"column":null}},"10":{"start":{"line":28,"column":4},"end":{"line":28,"column":null}},"11":{"start":{"line":32,"column":4},"end":{"line":36,"column":null}},"12":{"start":{"line":33,"column":6},"end":{"line":33,"column":null}},"13":{"start":{"line":34,"column":11},"end":{"line":36,"column":null}},"14":{"start":{"line":35,"column":6},"end":{"line":35,"column":null}},"15":{"start":{"line":37,"column":4},"end":{"line":37,"column":null}},"16":{"start":{"line":41,"column":4},"end":{"line":41,"column":null}},"17":{"start":{"line":5,"column":0},"end":{"line":5,"column":21}}},"fnMap":{"0":{"name":"(anonymous_1)","decl":{"start":{"line":10,"column":2},"end":{"line":10,"column":15}},"loc":{"start":{"line":10,"column":30},"end":{"line":12,"column":3}}},"1":{"name":"(anonymous_2)","decl":{"start":{"line":14,"column":9},"end":{"line":14,"column":15}},"loc":{"start":{"line":14,"column":39},"end":{"line":19,"column":3}}},"2":{"name":"(anonymous_3)","decl":{"start":{"line":21,"column":9},"end":{"line":21,"column":24}},"loc":{"start":{"line":21,"column":62},"end":{"line":24,"column":3}}},"3":{"name":"(anonymous_4)","decl":{"start":{"line":26,"column":9},"end":{"line":26,"column":25}},"loc":{"start":{"line":26,"column":57},"end":{"line":29,"column":3}}},"4":{"name":"(anonymous_5)","decl":{"start":{"line":31,"column":9},"end":{"line":31,"column":12}},"loc":{"start":{"line":31,"column":70},"end":{"line":38,"column":3}}},"5":{"name":"(anonymous_6)","decl":{"start":{"line":40,"column":9},"end":{"line":40,"column":15}},"loc":{"start":{"line":40,"column":15},"end":{"line":42,"column":3}}}},"branchMap":{"0":{"loc":{"start":{"line":15,"column":4},"end":{"line":16,"column":null}},"type":"if","locations":[{"start":{"line":15,"column":4},"end":{"line":16,"column":null}},{"start":{"line":15,"column":4},"end":{"line":16,"column":null}}]},"1":{"loc":{"start":{"line":32,"column":4},"end":{"line":36,"column":null}},"type":"if","locations":[{"start":{"line":32,"column":4},"end":{"line":36,"column":null}},{"start":{"line":32,"column":4},"end":{"line":36,"column":null}}]},"2":{"loc":{"start":{"line":34,"column":11},"end":{"line":36,"column":null}},"type":"if","locations":[{"start":{"line":34,"column":11},"end":{"line":36,"column":null}},{"start":{"line":34,"column":11},"end":{"line":36,"column":null}}]}},"s":{"0":3,"1":3,"2":3,"3":11,"4":12,"5":1,"6":11,"7":9,"8":9,"9":2,"10":2,"11":0,"12":0,"13":0,"14":0,"15":0,"16":9,"17":3},"f":{"0":11,"1":12,"2":9,"3":2,"4":0,"5":9},"b":{"0":[1,11],"1":[0,0],"2":[0,0]}}
,"/Users/brunomayer/Documents/Desenvolvimento/libs/httpclient.js/src/lib/HttpClientInterceptors.ts": {"path":"/Users/brunomayer/Documents/Desenvolvimento/libs/httpclient.js/src/lib/HttpClientInterceptors.ts","statementMap":{"0":{"start":{"line":10,"column":4},"end":{"line":10,"column":null}},"1":{"start":{"line":14,"column":4},"end":{"line":14,"column":null}},"2":{"start":{"line":15,"column":4},"end":{"line":15,"column":null}},"3":{"start":{"line":19,"column":4},"end":{"line":19,"column":null}},"4":{"start":{"line":20,"column":4},"end":{"line":20,"column":null}},"5":{"start":{"line":24,"column":4},"end":{"line":24,"column":null}},"6":{"start":{"line":25,"column":4},"end":{"line":25,"column":null}},"7":{"start":{"line":29,"column":4},"end":{"line":31,"column":null}},"8":{"start":{"line":30,"column":6},"end":{"line":30,"column":null}},"9":{"start":{"line":35,"column":4},"end":{"line":37,"column":null}},"10":{"start":{"line":36,"column":6},"end":{"line":36,"column":null}},"11":{"start":{"line":41,"column":4},"end":{"line":43,"column":null}},"12":{"start":{"line":42,"column":6},"end":{"line":42,"column":null}},"13":{"start":{"line":4,"column":0},"end":{"line":4,"column":21}}},"fnMap":{"0":{"name":"(anonymous_0)","decl":{"start":{"line":9,"column":9},"end":{"line":9,"column":15}},"loc":{"start":{"line":9,"column":22},"end":{"line":11,"column":3}}},"1":{"name":"(anonymous_1)","decl":{"start":{"line":13,"column":9},"end":{"line":13,"column":30}},"loc":{"start":{"line":13,"column":63},"end":{"line":16,"column":3}}},"2":{"name":"(anonymous_2)","decl":{"start":{"line":18,"column":9},"end":{"line":18,"column":31}},"loc":{"start":{"line":18,"column":60},"end":{"line":21,"column":3}}},"3":{"name":"(anonymous_3)","decl":{"start":{"line":23,"column":9},"end":{"line":23,"column":28}},"loc":{"start":{"line":23,"column":60},"end":{"line":26,"column":3}}},"4":{"name":"(anonymous_4)","decl":{"start":{"line":28,"column":9},"end":{"line":28,"column":32}},"loc":{"start":{"line":28,"column":52},"end":{"line":32,"column":3}}},"5":{"name":"(anonymous_5)","decl":{"start":{"line":34,"column":9},"end":{"line":34,"column":33}},"loc":{"start":{"line":34,"column":49},"end":{"line":38,"column":3}}},"6":{"name":"(anonymous_6)","decl":{"start":{"line":40,"column":9},"end":{"line":40,"column":30}},"loc":{"start":{"line":40,"column":49},"end":{"line":44,"column":3}}}},"branchMap":{"0":{"loc":{"start":{"line":29,"column":4},"end":{"line":31,"column":null}},"type":"if","locations":[{"start":{"line":29,"column":4},"end":{"line":31,"column":null}},{"start":{"line":29,"column":4},"end":{"line":31,"column":null}}]},"1":{"loc":{"start":{"line":35,"column":4},"end":{"line":37,"column":null}},"type":"if","locations":[{"start":{"line":35,"column":4},"end":{"line":37,"column":null}},{"start":{"line":35,"column":4},"end":{"line":37,"column":null}}]},"2":{"loc":{"start":{"line":41,"column":4},"end":{"line":43,"column":null}},"type":"if","locations":[{"start":{"line":41,"column":4},"end":{"line":43,"column":null}},{"start":{"line":41,"column":4},"end":{"line":43,"column":null}}]}},"s":{"0":9,"1":1,"2":1,"3":2,"4":2,"5":4,"6":4,"7":11,"8":1,"9":2,"10":2,"11":4,"12":4,"13":3},"f":{"0":9,"1":1,"2":2,"3":4,"4":11,"5":2,"6":4},"b":{"0":[1,10],"1":[2,0],"2":[4,0]}}
,"/Users/brunomayer/Documents/Desenvolvimento/libs/httpclient.js/src/lib/HttpClientResponse.ts": {"path":"/Users/brunomayer/Documents/Desenvolvimento/libs/httpclient.js/src/lib/HttpClientResponse.ts","statementMap":{"0":{"start":{"line":1,"column":0},"end":{"line":1,"column":37}},"1":{"start":{"line":26,"column":4},"end":{"line":26,"column":null}},"2":{"start":{"line":27,"column":4},"end":{"line":27,"column":null}},"3":{"start":{"line":28,"column":4},"end":{"line":28,"column":null}},"4":{"start":{"line":29,"column":4},"end":{"line":29,"column":null}},"5":{"start":{"line":30,"column":4},"end":{"line":30,"column":null}},"6":{"start":{"line":31,"column":4},"end":{"line":31,"column":null}},"7":{"start":{"line":32,"column":4},"end":{"line":32,"column":null}},"8":{"start":{"line":33,"column":4},"end":{"line":33,"column":null}},"9":{"start":{"line":37,"column":4},"end":{"line":39,"column":null}},"10":{"start":{"line":38,"column":6},"end":{"line":38,"column":null}},"11":{"start":{"line":41,"column":22},"end":{"line":49,"column":10}},"12":{"start":{"line":42,"column":6},"end":{"line":44,"column":null}},"13":{"start":{"line":43,"column":8},"end":{"line":43,"column":null}},"14":{"start":{"line":45,"column":6},"end":{"line":47,"column":null}},"15":{"start":{"line":46,"column":8},"end":{"line":46,"column":null}},"16":{"start":{"line":48,"column":6},"end":{"line":48,"column":null}},"17":{"start":{"line":51,"column":4},"end":{"line":76,"column":null}},"18":{"start":{"line":51,"column":53},"end":{"line":68,"column":6}},"19":{"start":{"line":52,"column":23},"end":{"line":59,"column":8}},"20":{"start":{"line":61,"column":6},"end":{"line":65,"column":null}},"21":{"start":{"line":62,"column":33},"end":{"line":62,"column":90}},"22":{"start":{"line":63,"column":8},"end":{"line":64,"column":null}},"23":{"start":{"line":64,"column":10},"end":{"line":64,"column":null}},"24":{"start":{"line":67,"column":6},"end":{"line":67,"column":null}},"25":{"start":{"line":69,"column":6},"end":{"line":73,"column":null}},"26":{"start":{"line":70,"column":30},"end":{"line":70,"column":74}},"27":{"start":{"line":71,"column":8},"end":{"line":72,"column":null}},"28":{"start":{"line":72,"column":10},"end":{"line":72,"column":null}},"29":{"start":{"line":75,"column":6},"end":{"line":75,"column":null}},"30":{"start":{"line":80,"column":4},"end":{"line":99,"column":null}},"31":{"start":{"line":81,"column":6},"end":{"line":98,"column":null}},"32":{"start":{"line":82,"column":26},"end":{"line":82,"column":43}},"33":{"start":{"line":84,"column":10},"end":{"line":85,"column":null}},"34":{"start":{"line":85,"column":12},"end":{"line":85,"column":null}},"35":{"start":{"line":87,"column":10},"end":{"line":88,"column":null}},"36":{"start":{"line":88,"column":12},"end":{"line":88,"column":null}},"37":{"start":{"line":90,"column":10},"end":{"line":91,"column":null}},"38":{"start":{"line":91,"column":12},"end":{"line":91,"column":null}},"39":{"start":{"line":93,"column":10},"end":{"line":97,"column":null}},"40":{"start":{"line":94,"column":12},"end":{"line":96,"column":null}},"41":{"start":{"line":95,"column":27},"end":{"line":95,"column":39}},"42":{"start":{"line":96,"column":28},"end":{"line":96,"column":39}},"43":{"start":{"line":6,"column":0},"end":{"line":6,"column":21}}},"fnMap":{"0":{"name":"(anonymous_8)","decl":{"start":{"line":16,"column":2},"end":{"line":16,"column":null}},"loc":{"start":{"line":24,"column":40},"end":{"line":34,"column":3}}},"1":{"name":"(anonymous_9)","decl":{"start":{"line":36,"column":15},"end":{"line":36,"column":26}},"loc":{"start":{"line":36,"column":26},"end":{"line":77,"column":null}}},"2":{"name":"(anonymous_11)","decl":{"start":{"line":41,"column":40},"end":{"line":41,"column":41}},"loc":{"start":{"line":41,"column":55},"end":{"line":49,"column":5}}},"3":{"name":"(anonymous_12)","decl":{"start":{"line":51,"column":30},"end":{"line":51,"column":51}},"loc":{"start":{"line":51,"column":53},"end":{"line":68,"column":6}}},"4":{"name":"(anonymous_13)","decl":{"start":{"line":51,"column":53},"end":{"line":51,"column":null}},"loc":{"start":{"line":51,"column":53},"end":{"line":68,"column":5}}},"5":{"name":"(anonymous_14)","decl":{"start":{"line":68,"column":13},"end":{"line":68,"column":16}},"loc":{"start":{"line":68,"column":19},"end":{"line":76,"column":5}}},"6":{"name":"(anonymous_15)","decl":{"start":{"line":79,"column":10},"end":{"line":79,"column":20}},"loc":{"start":{"line":79,"column":63},"end":{"line":100,"column":3}}},"7":{"name":"(anonymous_16)","decl":{"start":{"line":80,"column":26},"end":{"line":80,"column":27}},"loc":{"start":{"line":80,"column":52},"end":{"line":99,"column":5}}},"8":{"name":"(anonymous_17)","decl":{"start":{"line":82,"column":14},"end":{"line":82,"column":22}},"loc":{"start":{"line":82,"column":26},"end":{"line":82,"column":43}}},"9":{"name":"(anonymous_18)","decl":{"start":{"line":83,"column":15},"end":{"line":83,"column":18}},"loc":{"start":{"line":83,"column":21},"end":{"line":98,"column":9}}},"10":{"name":"(anonymous_19)","decl":{"start":{"line":93,"column":21},"end":{"line":93,"column":24}},"loc":{"start":{"line":93,"column":26},"end":{"line":97,"column":11}}},"11":{"name":"(anonymous_20)","decl":{"start":{"line":95,"column":20},"end":{"line":95,"column":23}},"loc":{"start":{"line":95,"column":27},"end":{"line":95,"column":39}}},"12":{"name":"(anonymous_21)","decl":{"start":{"line":96,"column":21},"end":{"line":96,"column":24}},"loc":{"start":{"line":96,"column":28},"end":{"line":96,"column":39}}}},"branchMap":{"0":{"loc":{"start":{"line":37,"column":4},"end":{"line":39,"column":null}},"type":"if","locations":[{"start":{"line":37,"column":4},"end":{"line":39,"column":null}},{"start":{"line":37,"column":4},"end":{"line":39,"column":null}}]},"1":{"loc":{"start":{"line":42,"column":6},"end":{"line":44,"column":null}},"type":"if","locations":[{"start":{"line":42,"column":6},"end":{"line":44,"column":null}},{"start":{"line":42,"column":6},"end":{"line":44,"column":null}}]},"2":{"loc":{"start":{"line":45,"column":6},"end":{"line":47,"column":null}},"type":"if","locations":[{"start":{"line":45,"column":6},"end":{"line":47,"column":null}},{"start":{"line":45,"column":6},"end":{"line":47,"column":null}}]},"3":{"loc":{"start":{"line":61,"column":6},"end":{"line":65,"column":null}},"type":"if","locations":[{"start":{"line":61,"column":6},"end":{"line":65,"column":null}},{"start":{"line":61,"column":6},"end":{"line":65,"column":null}}]},"4":{"loc":{"start":{"line":63,"column":8},"end":{"line":64,"column":null}},"type":"if","locations":[{"start":{"line":63,"column":8},"end":{"line":64,"column":null}},{"start":{"line":63,"column":8},"end":{"line":64,"column":null}}]},"5":{"loc":{"start":{"line":69,"column":6},"end":{"line":73,"column":null}},"type":"if","locations":[{"start":{"line":69,"column":6},"end":{"line":73,"column":null}},{"start":{"line":69,"column":6},"end":{"line":73,"column":null}}]},"6":{"loc":{"start":{"line":71,"column":8},"end":{"line":72,"column":null}},"type":"if","locations":[{"start":{"line":71,"column":8},"end":{"line":72,"column":null}},{"start":{"line":71,"column":8},"end":{"line":72,"column":null}}]},"7":{"loc":{"start":{"line":79,"column":62},"end":{"line":79,"column":63}},"type":"default-arg","locations":[{"start":{"line":79,"column":62},"end":{"line":79,"column":63}}]},"8":{"loc":{"start":{"line":84,"column":10},"end":{"line":85,"column":null}},"type":"if","locations":[{"start":{"line":84,"column":10},"end":{"line":85,"column":null}},{"start":{"line":84,"column":10},"end":{"line":85,"column":null}}]},"9":{"loc":{"start":{"line":87,"column":10},"end":{"line":88,"column":null}},"type":"if","locations":[{"start":{"line":87,"column":10},"end":{"line":88,"column":null}},{"start":{"line":87,"column":10},"end":{"line":88,"column":null}}]},"10":{"loc":{"start":{"line":90,"column":10},"end":{"line":91,"column":null}},"type":"if","locations":[{"start":{"line":90,"column":10},"end":{"line":91,"column":null}},{"start":{"line":90,"column":10},"end":{"line":91,"column":null}}]},"11":{"loc":{"start":{"line":90,"column":14},"end":{"line":90,"column":26}},"type":"binary-expr","locations":[{"start":{"line":90,"column":14},"end":{"line":90,"column":26}},{"start":{"line":90,"column":30},"end":{"line":90,"column":49}},{"start":{"line":90,"column":53},"end":{"line":90,"column":110}}]},"12":{"loc":{"start":{"line":97,"column":82},"end":{"line":97,"column":93}},"type":"cond-expr","locations":[{"start":{"line":97,"column":82},"end":{"line":97,"column":93}},{"start":{"line":97,"column":96},"end":{"line":97,"column":97}}]}},"s":{"0":3,"1":12,"2":12,"3":12,"4":12,"5":12,"6":12,"7":12,"8":12,"9":7,"10":0,"11":7,"12":19,"13":19,"14":19,"15":19,"16":19,"17":7,"18":9,"19":9,"20":3,"21":2,"22":2,"23":2,"24":1,"25":4,"26":4,"27":1,"28":1,"29":0,"30":9,"31":9,"32":3,"33":6,"34":2,"35":4,"36":1,"37":3,"38":1,"39":2,"40":2,"41":0,"42":2,"43":3},"f":{"0":12,"1":7,"2":19,"3":9,"4":9,"5":4,"6":9,"7":9,"8":3,"9":6,"10":2,"11":0,"12":2},"b":{"0":[0,7],"1":[19,0],"2":[19,0],"3":[2,1],"4":[2,0],"5":[4,0],"6":[1,0],"7":[7],"8":[2,4],"9":[1,3],"10":[1,2],"11":[3,3,3],"12":[0,2]}}
,"/Users/brunomayer/Documents/Desenvolvimento/libs/httpclient.js/src/lib/HttpClientRetryStrategy.ts": {"path":"/Users/brunomayer/Documents/Desenvolvimento/libs/httpclient.js/src/lib/HttpClientRetryStrategy.ts","statementMap":{"0":{"start":{"line":9,"column":4},"end":{"line":9,"column":null}},"1":{"start":{"line":10,"column":4},"end":{"line":10,"column":null}},"2":{"start":{"line":11,"column":4},"end":{"line":11,"column":null}},"3":{"start":{"line":12,"column":4},"end":{"line":12,"column":null}},"4":{"start":{"line":16,"column":4},"end":{"line":16,"column":null}},"5":{"start":{"line":20,"column":4},"end":{"line":20,"column":null}},"6":{"start":{"line":21,"column":4},"end":{"line":21,"column":null}},"7":{"start":{"line":25,"column":4},"end":{"line":25,"column":null}},"8":{"start":{"line":26,"column":4},"end":{"line":26,"column":null}},"9":{"start":{"line":30,"column":4},"end":{"line":30,"column":null}},"10":{"start":{"line":31,"column":4},"end":{"line":31,"column":null}},"11":{"start":{"line":35,"column":4},"end":{"line":35,"column":null}},"12":{"start":{"line":36,"column":4},"end":{"line":36,"column":null}},"13":{"start":{"line":40,"column":4},"end":{"line":40,"column":null}},"14":{"start":{"line":41,"column":4},"end":{"line":41,"column":null}},"15":{"start":{"line":45,"column":4},"end":{"line":45,"column":null}},"16":{"start":{"line":49,"column":4},"end":{"line":49,"column":null}},"17":{"start":{"line":53,"column":4},"end":{"line":53,"column":null}},"18":{"start":{"line":57,"column":22},"end":{"line":57,"column":26}},"19":{"start":{"line":59,"column":4},"end":{"line":63,"column":null}},"20":{"start":{"line":60,"column":6},"end":{"line":60,"column":null}},"21":{"start":{"line":60,"column":52},"end":{"line":60,"column":71}},"22":{"start":{"line":61,"column":11},"end":{"line":63,"column":null}},"23":{"start":{"line":62,"column":6},"end":{"line":62,"column":null}},"24":{"start":{"line":65,"column":4},"end":{"line":65,"column":null}},"25":{"start":{"line":1,"column":0},"end":{"line":1,"column":21}}},"fnMap":{"0":{"name":"(anonymous_0)","decl":{"start":{"line":8,"column":2},"end":{"line":8,"column":null}},"loc":{"start":{"line":8,"column":2},"end":{"line":13,"column":3}}},"1":{"name":"(anonymous_1)","decl":{"start":{"line":15,"column":9},"end":{"line":15,"column":15}},"loc":{"start":{"line":15,"column":22},"end":{"line":17,"column":3}}},"2":{"name":"(anonymous_2)","decl":{"start":{"line":19,"column":9},"end":{"line":19,"column":16}},"loc":{"start":{"line":19,"column":34},"end":{"line":22,"column":3}}},"3":{"name":"(anonymous_3)","decl":{"start":{"line":24,"column":9},"end":{"line":24,"column":17}},"loc":{"start":{"line":24,"column":35},"end":{"line":27,"column":3}}},"4":{"name":"(anonymous_4)","decl":{"start":{"line":29,"column":9},"end":{"line":29,"column":27}},"loc":{"start":{"line":29,"column":47},"end":{"line":32,"column":3}}},"5":{"name":"(anonymous_5)","decl":{"start":{"line":34,"column":9},"end":{"line":34,"column":24}},"loc":{"start":{"line":34,"column":79},"end":{"line":37,"column":3}}},"6":{"name":"(anonymous_6)","decl":{"start":{"line":39,"column":9},"end":{"line":39,"column":31}},"loc":{"start":{"line":39,"column":53},"end":{"line":42,"column":3}}},"7":{"name":"(anonymous_7)","decl":{"start":{"line":44,"column":9},"end":{"line":44,"column":20}},"loc":{"start":{"line":44,"column":20},"end":{"line":46,"column":3}}},"8":{"name":"(anonymous_8)","decl":{"start":{"line":48,"column":9},"end":{"line":48,"column":20}},"loc":{"start":{"line":48,"column":20},"end":{"line":50,"column":3}}},"9":{"name":"(anonymous_9)","decl":{"start":{"line":52,"column":9},"end":{"line":52,"column":22}},"loc":{"start":{"line":52,"column":22},"end":{"line":54,"column":3}}},"10":{"name":"(anonymous_10)","decl":{"start":{"line":56,"column":9},"end":{"line":56,"column":27}},"loc":{"start":{"line":56,"column":47},"end":{"line":66,"column":3}}},"11":{"name":"(anonymous_11)","decl":{"start":{"line":60,"column":44},"end":{"line":60,"column":48}},"loc":{"start":{"line":60,"column":52},"end":{"line":60,"column":71}}}},"branchMap":{"0":{"loc":{"start":{"line":39,"column":49},"end":{"line":39,"column":53}},"type":"default-arg","locations":[{"start":{"line":39,"column":49},"end":{"line":39,"column":53}}]},"1":{"loc":{"start":{"line":59,"column":4},"end":{"line":63,"column":null}},"type":"if","locations":[{"start":{"line":59,"column":4},"end":{"line":63,"column":null}},{"start":{"line":59,"column":4},"end":{"line":63,"column":null}}]},"2":{"loc":{"start":{"line":59,"column":8},"end":{"line":59,"column":24}},"type":"binary-expr","locations":[{"start":{"line":59,"column":8},"end":{"line":59,"column":24}},{"start":{"line":59,"column":28},"end":{"line":59,"column":51}}]},"3":{"loc":{"start":{"line":61,"column":11},"end":{"line":63,"column":null}},"type":"if","locations":[{"start":{"line":61,"column":11},"end":{"line":63,"column":null}},{"start":{"line":61,"column":11},"end":{"line":63,"column":null}}]}},"s":{"0":2,"1":2,"2":2,"3":2,"4":2,"5":2,"6":2,"7":2,"8":2,"9":1,"10":1,"11":0,"12":0,"13":2,"14":2,"15":4,"16":2,"17":2,"18":3,"19":3,"20":1,"21":1,"22":2,"23":0,"24":3,"25":3},"f":{"0":2,"1":2,"2":2,"3":2,"4":1,"5":0,"6":2,"7":4,"8":2,"9":2,"10":3,"11":1},"b":{"0":[0],"1":[1,2],"2":[3,3],"3":[0,2]}}
,"/Users/brunomayer/Documents/Desenvolvimento/libs/httpclient.js/src/lib/constants/AuthorizationType.ts": {"path":"/Users/brunomayer/Documents/Desenvolvimento/libs/httpclient.js/src/lib/constants/AuthorizationType.ts","statementMap":{"0":{"start":{"line":1,"column":0},"end":{"line":1,"column":null}},"1":{"start":{"line":2,"column":2},"end":{"line":2,"column":null}},"2":{"start":{"line":3,"column":2},"end":{"line":3,"column":null}},"3":{"start":{"line":6,"column":0},"end":{"line":6,"column":null}}},"fnMap":{"0":{"name":"(anonymous_0)","decl":{"start":{"line":1,"column":0},"end":{"line":1,"column":5}},"loc":{"start":{"line":1,"column":22},"end":{"line":4,"column":1}}}},"branchMap":{"0":{"loc":{"start":{"line":1,"column":5},"end":{"line":1,"column":22}},"type":"binary-expr","locations":[{"start":{"line":1,"column":5},"end":{"line":1,"column":22}},{"start":{"line":1,"column":5},"end":{"line":1,"column":null}}]}},"s":{"0":3,"1":3,"2":3,"3":3},"f":{"0":3},"b":{"0":[3,3]}}
}
