TN:
SF:/Users/brunomayer/Documents/Desenvolvimento/libs/httpclient.js/src/index.ts
FNF:0
FNH:0
DA:1,3
DA:2,3
DA:3,3
DA:4,3
DA:5,3
DA:8,3
DA:9,3
DA:10,3
DA:11,3
DA:12,3
LF:10
LH:10
BRF:0
BRH:0
end_of_record
TN:
SF:/Users/brunomayer/Documents/Desenvolvimento/libs/httpclient.js/src/lib/HttpClient.ts
FN:18,(anonymous_1)
FN:28,(anonymous_2)
FN:33,(anonymous_3)
FN:41,(anonymous_4)
FN:46,(anonymous_5)
FN:54,(anonymous_6)
FN:58,(anonymous_7)
FN:62,(anonymous_8)
FN:66,(anonymous_9)
FN:77,(anonymous_10)
FN:85,(anonymous_11)
FN:93,(anonymous_12)
FN:98,(anonymous_13)
FN:103,(anonymous_14)
FN:108,(anonymous_15)
FN:113,(anonymous_16)
FN:118,(anonymous_17)
FNF:17
FNH:11
FNDA:9,(anonymous_1)
FNDA:8,(anonymous_2)
FNDA:1,(anonymous_3)
FNDA:1,(anonymous_4)
FNDA:1,(anonymous_5)
FNDA:0,(anonymous_6)
FNDA:0,(anonymous_7)
FNDA:0,(anonymous_8)
FNDA:0,(anonymous_9)
FNDA:0,(anonymous_10)
FNDA:0,(anonymous_11)
FNDA:8,(anonymous_12)
FNDA:1,(anonymous_13)
FNDA:1,(anonymous_14)
FNDA:1,(anonymous_15)
FNDA:1,(anonymous_16)
FNDA:12,(anonymous_17)
DA:3,3
DA:4,3
DA:6,3
DA:8,3
DA:23,9
DA:24,9
DA:25,9
DA:29,8
DA:30,8
DA:34,1
DA:35,1
DA:37,1
DA:38,1
DA:42,1
DA:43,1
DA:47,1
DA:48,1
DA:50,1
DA:51,1
DA:55,0
DA:59,0
DA:63,0
DA:67,0
DA:68,0
DA:70,0
DA:74,0
DA:78,0
DA:79,0
DA:81,0
DA:82,0
DA:86,0
DA:87,0
DA:89,0
DA:90,0
DA:94,8
DA:95,8
DA:99,1
DA:100,1
DA:104,1
DA:105,1
DA:109,1
DA:110,1
DA:114,1
DA:115,1
DA:119,12
DA:120,11
DA:122,12
LF:47
LH:32
BRDA:34,0,0,1
BRDA:34,0,1,0
BRDA:47,1,0,1
BRDA:47,1,1,0
BRDA:67,2,0,0
BRDA:67,2,1,0
BRDA:78,3,0,0
BRDA:78,3,1,0
BRDA:86,4,0,0
BRDA:86,4,1,0
BRDA:119,5,0,11
BRDA:119,5,1,1
BRF:12
BRH:4
end_of_record
TN:
SF:/Users/brunomayer/Documents/Desenvolvimento/libs/httpclient.js/src/lib/HttpClientBuilder.ts
FN:10,(anonymous_1)
FN:14,(anonymous_2)
FN:21,(anonymous_3)
FN:26,(anonymous_4)
FN:31,(anonymous_5)
FN:40,(anonymous_6)
FNF:6
FNH:5
FNDA:11,(anonymous_1)
FNDA:12,(anonymous_2)
FNDA:9,(anonymous_3)
FNDA:2,(anonymous_4)
FNDA:0,(anonymous_5)
FNDA:9,(anonymous_6)
DA:1,3
DA:2,3
DA:3,3
DA:5,3
DA:11,11
DA:15,12
DA:16,1
DA:18,11
DA:22,9
DA:23,9
DA:27,2
DA:28,2
DA:32,0
DA:33,0
DA:34,0
DA:35,0
DA:37,0
DA:41,9
LF:18
LH:13
BRDA:15,0,0,1
BRDA:15,0,1,11
BRDA:32,1,0,0
BRDA:32,1,1,0
BRDA:34,2,0,0
BRDA:34,2,1,0
BRF:6
BRH:2
end_of_record
TN:
SF:/Users/brunomayer/Documents/Desenvolvimento/libs/httpclient.js/src/lib/HttpClientInterceptors.ts
FN:9,(anonymous_0)
FN:13,(anonymous_1)
FN:18,(anonymous_2)
FN:23,(anonymous_3)
FN:28,(anonymous_4)
FN:34,(anonymous_5)
FN:40,(anonymous_6)
FNF:7
FNH:7
FNDA:9,(anonymous_0)
FNDA:1,(anonymous_1)
FNDA:2,(anonymous_2)
FNDA:4,(anonymous_3)
FNDA:11,(anonymous_4)
FNDA:2,(anonymous_5)
FNDA:4,(anonymous_6)
DA:4,3
DA:10,9
DA:14,1
DA:15,1
DA:19,2
DA:20,2
DA:24,4
DA:25,4
DA:29,11
DA:30,1
DA:35,2
DA:36,2
DA:41,4
DA:42,4
LF:14
LH:14
BRDA:29,0,0,1
BRDA:29,0,1,10
BRDA:35,1,0,2
BRDA:35,1,1,0
BRDA:41,2,0,4
BRDA:41,2,1,0
BRF:6
BRH:4
end_of_record
TN:
SF:/Users/brunomayer/Documents/Desenvolvimento/libs/httpclient.js/src/lib/HttpClientResponse.ts
FN:16,(anonymous_8)
FN:36,(anonymous_9)
FN:41,(anonymous_11)
FN:51,(anonymous_12)
FN:51,(anonymous_13)
FN:68,(anonymous_14)
FN:79,(anonymous_15)
FN:80,(anonymous_16)
FN:82,(anonymous_17)
FN:83,(anonymous_18)
FN:93,(anonymous_19)
FN:95,(anonymous_20)
FN:96,(anonymous_21)
FNF:13
FNH:12
FNDA:12,(anonymous_8)
FNDA:7,(anonymous_9)
FNDA:19,(anonymous_11)
FNDA:9,(anonymous_12)
FNDA:9,(anonymous_13)
FNDA:4,(anonymous_14)
FNDA:9,(anonymous_15)
FNDA:9,(anonymous_16)
FNDA:3,(anonymous_17)
FNDA:6,(anonymous_18)
FNDA:2,(anonymous_19)
FNDA:0,(anonymous_20)
FNDA:2,(anonymous_21)
DA:1,3
DA:6,3
DA:26,12
DA:27,12
DA:28,12
DA:29,12
DA:30,12
DA:31,12
DA:32,12
DA:33,12
DA:37,7
DA:38,0
DA:41,7
DA:42,19
DA:43,19
DA:45,19
DA:46,19
DA:48,19
DA:51,9
DA:52,9
DA:61,3
DA:62,2
DA:63,2
DA:64,2
DA:67,1
DA:69,4
DA:70,4
DA:71,1
DA:72,1
DA:75,0
DA:80,9
DA:81,9
DA:82,3
DA:84,6
DA:85,2
DA:87,4
DA:88,1
DA:90,3
DA:91,1
DA:93,2
DA:94,2
DA:95,0
DA:96,2
LF:43
LH:40
BRDA:37,0,0,0
BRDA:37,0,1,7
BRDA:42,1,0,19
BRDA:42,1,1,0
BRDA:45,2,0,19
BRDA:45,2,1,0
BRDA:61,3,0,2
BRDA:61,3,1,1
BRDA:63,4,0,2
BRDA:63,4,1,0
BRDA:69,5,0,4
BRDA:69,5,1,0
BRDA:71,6,0,1
BRDA:71,6,1,0
BRDA:79,7,0,7
BRDA:84,8,0,2
BRDA:84,8,1,4
BRDA:87,9,0,1
BRDA:87,9,1,3
BRDA:90,10,0,1
BRDA:90,10,1,2
BRDA:90,11,0,3
BRDA:90,11,1,3
BRDA:90,11,2,3
BRDA:97,12,0,0
BRDA:97,12,1,2
BRF:26
BRH:19
end_of_record
TN:
SF:/Users/brunomayer/Documents/Desenvolvimento/libs/httpclient.js/src/lib/HttpClientRetryStrategy.ts
FN:8,(anonymous_0)
FN:15,(anonymous_1)
FN:19,(anonymous_2)
FN:24,(anonymous_3)
FN:29,(anonymous_4)
FN:34,(anonymous_5)
FN:39,(anonymous_6)
FN:44,(anonymous_7)
FN:48,(anonymous_8)
FN:52,(anonymous_9)
FN:56,(anonymous_10)
FN:60,(anonymous_11)
FNF:12
FNH:11
FNDA:2,(anonymous_0)
FNDA:2,(anonymous_1)
FNDA:2,(anonymous_2)
FNDA:2,(anonymous_3)
FNDA:1,(anonymous_4)
FNDA:0,(anonymous_5)
FNDA:2,(anonymous_6)
FNDA:4,(anonymous_7)
FNDA:2,(anonymous_8)
FNDA:2,(anonymous_9)
FNDA:3,(anonymous_10)
FNDA:1,(anonymous_11)
DA:1,3
DA:9,2
DA:10,2
DA:11,2
DA:12,2
DA:16,2
DA:20,2
DA:21,2
DA:25,2
DA:26,2
DA:30,1
DA:31,1
DA:35,0
DA:36,0
DA:40,2
DA:41,2
DA:45,4
DA:49,2
DA:53,2
DA:57,3
DA:59,3
DA:60,1
DA:61,2
DA:62,0
DA:65,3
LF:25
LH:22
BRDA:39,0,0,0
BRDA:59,1,0,1
BRDA:59,1,1,2
BRDA:59,2,0,3
BRDA:59,2,1,3
BRDA:61,3,0,0
BRDA:61,3,1,2
BRF:7
BRH:5
end_of_record
TN:
SF:/Users/brunomayer/Documents/Desenvolvimento/libs/httpclient.js/src/lib/constants/AuthorizationType.ts
FN:1,(anonymous_0)
FNF:1
FNH:1
FNDA:3,(anonymous_0)
DA:1,3
DA:2,3
DA:3,3
DA:6,3
LF:4
LH:4
BRDA:1,0,0,3
BRDA:1,0,1,3
BRF:2
BRH:2
end_of_record
